[1.241s] Invoking command in '/home/david/code/WATCHER-ROS2/src/wheelchair_navigation': PYTHONPATH=/home/david/code/WATCHER-ROS2/build/wheelchair_navigation/prefix_override:/usr/lib/python3/dist-packages/colcon_core/task/python/colcon_distutils_commands:/home/david/code/WATCHER-ROS2/install/wheelchair_navigation/lib/python3.12/site-packages:${PYTHONPATH} /usr/bin/python3 -W ignore:setup.py install is deprecated -W ignore:easy_install command is deprecated setup.py egg_info --egg-base ../../build/wheelchair_navigation build --build-base /home/david/code/WATCHER-ROS2/build/wheelchair_navigation/build install --record /home/david/code/WATCHER-ROS2/build/wheelchair_navigation/install.log --single-version-externally-managed install_data
[1.524s] running egg_info
[1.548s] writing ../../build/wheelchair_navigation/wheelchair_navigation.egg-info/PKG-INFO
[1.549s] writing dependency_links to ../../build/wheelchair_navigation/wheelchair_navigation.egg-info/dependency_links.txt
[1.549s] writing requirements to ../../build/wheelchair_navigation/wheelchair_navigation.egg-info/requires.txt
[1.549s] writing top-level names to ../../build/wheelchair_navigation/wheelchair_navigation.egg-info/top_level.txt
[1.592s] reading manifest file '../../build/wheelchair_navigation/wheelchair_navigation.egg-info/SOURCES.txt'
[1.597s] writing manifest file '../../build/wheelchair_navigation/wheelchair_navigation.egg-info/SOURCES.txt'
[1.597s] running build
[1.597s] running build_py
[1.598s] running install
[1.603s] running install_lib
[1.627s] running install_data
[1.627s] copying urdf/wheelchair.sdf -> /home/david/code/WATCHER-ROS2/install/wheelchair_navigation/share/wheelchair_navigation/urdf
[1.627s] running install_egg_info
[1.652s] removing '/home/david/code/WATCHER-ROS2/install/wheelchair_navigation/lib/python3.12/site-packages/wheelchair_navigation-0.0.1-py3.12.egg-info' (and everything under it)
[1.652s] Copying ../../build/wheelchair_navigation/wheelchair_navigation.egg-info to /home/david/code/WATCHER-ROS2/install/wheelchair_navigation/lib/python3.12/site-packages/wheelchair_navigation-0.0.1-py3.12.egg-info
[1.652s] running install_scripts
[1.804s] writing list of installed files to '/home/david/code/WATCHER-ROS2/build/wheelchair_navigation/install.log'
[1.833s] Invoked command in '/home/david/code/WATCHER-ROS2/src/wheelchair_navigation' returned '0': PYTHONPATH=/home/david/code/WATCHER-ROS2/build/wheelchair_navigation/prefix_override:/usr/lib/python3/dist-packages/colcon_core/task/python/colcon_distutils_commands:/home/david/code/WATCHER-ROS2/install/wheelchair_navigation/lib/python3.12/site-packages:${PYTHONPATH} /usr/bin/python3 -W ignore:setup.py install is deprecated -W ignore:easy_install command is deprecated setup.py egg_info --egg-base ../../build/wheelchair_navigation build --build-base /home/david/code/WATCHER-ROS2/build/wheelchair_navigation/build install --record /home/david/code/WATCHER-ROS2/build/wheelchair_navigation/install.log --single-version-externally-managed install_data
