[0.663s] Invoking command in '/home/david/code/WATCHER/ros2_ws/build/robot_navigation': PYTHONPATH=/home/david/code/WATCHER/ros2_ws/build/robot_navigation/prefix_override:/usr/lib/python3/dist-packages/colcon_core/task/python/colcon_distutils_commands:/home/david/code/WATCHER/ros2_ws/install/robot_navigation/lib/python3.12/site-packages:${PYTHONPATH} /usr/bin/python3 -W ignore:setup.py install is deprecated -W ignore:easy_install command is deprecated setup.py develop --editable --build-directory /home/david/code/WATCHER/ros2_ws/build/robot_navigation/build --no-deps symlink_data
[0.938s] running develop
[1.116s] running egg_info
[1.116s] creating robot_navigation.egg-info
[1.134s] writing robot_navigation.egg-info/PKG-INFO
[1.134s] writing dependency_links to robot_navigation.egg-info/dependency_links.txt
[1.134s] writing entry points to robot_navigation.egg-info/entry_points.txt
[1.134s] writing requirements to robot_navigation.egg-info/requires.txt
[1.135s] writing top-level names to robot_navigation.egg-info/top_level.txt
[1.135s] writing manifest file 'robot_navigation.egg-info/SOURCES.txt'
[1.170s] reading manifest file 'robot_navigation.egg-info/SOURCES.txt'
[1.171s] writing manifest file 'robot_navigation.egg-info/SOURCES.txt'
[1.188s] running build_ext
[1.188s] Creating /home/david/code/WATCHER/ros2_ws/install/robot_navigation/lib/python3.12/site-packages/robot-navigation.egg-link (link to .)
[1.189s] Installing navigator script to /home/david/code/WATCHER/ros2_ws/install/robot_navigation/lib/robot_navigation
[1.189s] 
[1.189s] Installed /home/david/code/WATCHER/ros2_ws/build/robot_navigation
[1.190s] running symlink_data
[1.190s] creating /home/david/code/WATCHER/ros2_ws/install/robot_navigation/share/ament_index
[1.190s] creating /home/david/code/WATCHER/ros2_ws/install/robot_navigation/share/ament_index/resource_index
[1.190s] creating /home/david/code/WATCHER/ros2_ws/install/robot_navigation/share/ament_index/resource_index/packages
[1.190s] symbolically linking /home/david/code/WATCHER/ros2_ws/build/robot_navigation/resource/robot_navigation -> /home/david/code/WATCHER/ros2_ws/install/robot_navigation/share/ament_index/resource_index/packages
[1.190s] symbolically linking /home/david/code/WATCHER/ros2_ws/build/robot_navigation/package.xml -> /home/david/code/WATCHER/ros2_ws/install/robot_navigation/share/robot_navigation
[1.191s] creating /home/david/code/WATCHER/ros2_ws/install/robot_navigation/share/robot_navigation/launch
[1.191s] symbolically linking /home/david/code/WATCHER/ros2_ws/build/robot_navigation/launch/sim.launch.py -> /home/david/code/WATCHER/ros2_ws/install/robot_navigation/share/robot_navigation/launch
[1.191s] symbolically linking /home/david/code/WATCHER/ros2_ws/build/robot_navigation/launch/sim_with_viz.launch.py -> /home/david/code/WATCHER/ros2_ws/install/robot_navigation/share/robot_navigation/launch
[1.191s] symbolically linking /home/david/code/WATCHER/ros2_ws/build/robot_navigation/launch/rviz.launch.py -> /home/david/code/WATCHER/ros2_ws/install/robot_navigation/share/robot_navigation/launch
[1.191s] symbolically linking /home/david/code/WATCHER/ros2_ws/build/robot_navigation/launch/spawn_robot.launch.py -> /home/david/code/WATCHER/ros2_ws/install/robot_navigation/share/robot_navigation/launch
[1.192s] symbolically linking /home/david/code/WATCHER/ros2_ws/build/robot_navigation/launch/robot.launch.py -> /home/david/code/WATCHER/ros2_ws/install/robot_navigation/share/robot_navigation/launch
[1.192s] creating /home/david/code/WATCHER/ros2_ws/install/robot_navigation/share/robot_navigation/urdf
[1.193s] symbolically linking /home/david/code/WATCHER/ros2_ws/build/robot_navigation/urdf/my_robot.urdf -> /home/david/code/WATCHER/ros2_ws/install/robot_navigation/share/robot_navigation/urdf
[1.193s] creating /home/david/code/WATCHER/ros2_ws/install/robot_navigation/share/robot_navigation/worlds
[1.194s] creating /home/david/code/WATCHER/ros2_ws/install/robot_navigation/share/robot_navigation/rviz
[1.220s] Invoked command in '/home/david/code/WATCHER/ros2_ws/build/robot_navigation' returned '0': PYTHONPATH=/home/david/code/WATCHER/ros2_ws/build/robot_navigation/prefix_override:/usr/lib/python3/dist-packages/colcon_core/task/python/colcon_distutils_commands:/home/david/code/WATCHER/ros2_ws/install/robot_navigation/lib/python3.12/site-packages:${PYTHONPATH} /usr/bin/python3 -W ignore:setup.py install is deprecated -W ignore:easy_install command is deprecated setup.py develop --editable --build-directory /home/david/code/WATCHER/ros2_ws/build/robot_navigation/build --no-deps symlink_data
