[0.848s] Invoking command in '/home/david/code/WATCHER/ros2_ws/build/robot_navigation': PYTHONPATH=/home/david/code/WATCHER/ros2_ws/build/robot_navigation/prefix_override:/usr/lib/python3/dist-packages/colcon_core/task/python/colcon_distutils_commands:/home/david/code/WATCHER/ros2_ws/install/robot_navigation/lib/python3.12/site-packages:${PYTHONPATH} /usr/bin/python3 -W ignore:setup.py install is deprecated -W ignore:easy_install command is deprecated setup.py develop --editable --build-directory /home/david/code/WATCHER/ros2_ws/build/robot_navigation/build --no-deps symlink_data
[1.108s] running develop
[1.269s] running egg_info
[1.285s] writing robot_navigation.egg-info/PKG-INFO
[1.285s] writing dependency_links to robot_navigation.egg-info/dependency_links.txt
[1.285s] writing entry points to robot_navigation.egg-info/entry_points.txt
[1.286s] writing requirements to robot_navigation.egg-info/requires.txt
[1.286s] writing top-level names to robot_navigation.egg-info/top_level.txt
[1.316s] reading manifest file 'robot_navigation.egg-info/SOURCES.txt'
[1.316s] writing manifest file 'robot_navigation.egg-info/SOURCES.txt'
[1.333s] running build_ext
[1.333s] Creating /home/david/code/WATCHER/ros2_ws/install/robot_navigation/lib/python3.12/site-packages/robot-navigation.egg-link (link to .)
[1.334s] Installing navigator script to /home/david/code/WATCHER/ros2_ws/install/robot_navigation/lib/robot_navigation
[1.334s] 
[1.334s] Installed /home/david/code/WATCHER/ros2_ws/build/robot_navigation
[1.334s] running symlink_data
[1.334s] symbolically linking /home/david/code/WATCHER/ros2_ws/build/robot_navigation/launch/spawn_robot.launch.py -> /home/david/code/WATCHER/ros2_ws/install/robot_navigation/share/robot_navigation/launch
[1.335s] creating /home/david/code/WATCHER/ros2_ws/install/robot_navigation/share/robot_navigation/urdf
[1.335s] symbolically linking /home/david/code/WATCHER/ros2_ws/build/robot_navigation/urdf/my_robot.urdf -> /home/david/code/WATCHER/ros2_ws/install/robot_navigation/share/robot_navigation/urdf
[1.335s] creating /home/david/code/WATCHER/ros2_ws/install/robot_navigation/share/robot_navigation/worlds
[1.363s] Invoked command in '/home/david/code/WATCHER/ros2_ws/build/robot_navigation' returned '0': PYTHONPATH=/home/david/code/WATCHER/ros2_ws/build/robot_navigation/prefix_override:/usr/lib/python3/dist-packages/colcon_core/task/python/colcon_distutils_commands:/home/david/code/WATCHER/ros2_ws/install/robot_navigation/lib/python3.12/site-packages:${PYTHONPATH} /usr/bin/python3 -W ignore:setup.py install is deprecated -W ignore:easy_install command is deprecated setup.py develop --editable --build-directory /home/david/code/WATCHER/ros2_ws/build/robot_navigation/build --no-deps symlink_data
