running develop
running egg_info
creating robot_navigation.egg-info
writing robot_navigation.egg-info/PKG-INFO
writing dependency_links to robot_navigation.egg-info/dependency_links.txt
writing entry points to robot_navigation.egg-info/entry_points.txt
writing requirements to robot_navigation.egg-info/requires.txt
writing top-level names to robot_navigation.egg-info/top_level.txt
writing manifest file 'robot_navigation.egg-info/SOURCES.txt'
reading manifest file 'robot_navigation.egg-info/SOURCES.txt'
writing manifest file 'robot_navigation.egg-info/SOURCES.txt'
running build_ext
Creating /home/david/code/WATCHER/ros2_ws/install/robot_navigation/lib/python3.12/site-packages/robot-navigation.egg-link (link to .)
Installing navigator script to /home/david/code/WATCHER/ros2_ws/install/robot_navigation/lib/robot_navigation

Installed /home/david/code/WATCHER/ros2_ws/build/robot_navigation
running symlink_data
creating /home/david/code/WATCHER/ros2_ws/install/robot_navigation/share/ament_index
creating /home/david/code/WATCHER/ros2_ws/install/robot_navigation/share/ament_index/resource_index
creating /home/david/code/WATCHER/ros2_ws/install/robot_navigation/share/ament_index/resource_index/packages
symbolically linking /home/david/code/WATCHER/ros2_ws/build/robot_navigation/resource/robot_navigation -> /home/david/code/WATCHER/ros2_ws/install/robot_navigation/share/ament_index/resource_index/packages
symbolically linking /home/david/code/WATCHER/ros2_ws/build/robot_navigation/package.xml -> /home/david/code/WATCHER/ros2_ws/install/robot_navigation/share/robot_navigation
creating /home/david/code/WATCHER/ros2_ws/install/robot_navigation/share/robot_navigation/launch
symbolically linking /home/david/code/WATCHER/ros2_ws/build/robot_navigation/launch/sim.launch.py -> /home/david/code/WATCHER/ros2_ws/install/robot_navigation/share/robot_navigation/launch
symbolically linking /home/david/code/WATCHER/ros2_ws/build/robot_navigation/launch/robot.launch.py -> /home/david/code/WATCHER/ros2_ws/install/robot_navigation/share/robot_navigation/launch
