[0.567s] Invoking command in '/home/david/code/WATCHER/ros2_ws/build/robot_navigation': PYTHONPATH=/home/david/code/WATCHER/ros2_ws/build/robot_navigation/prefix_override:/usr/lib/python3/dist-packages/colcon_core/task/python/colcon_distutils_commands:/home/david/code/WATCHER/ros2_ws/install/robot_navigation/lib/python3.12/site-packages:${PYTHONPATH} /usr/bin/python3 -W ignore:setup.py install is deprecated -W ignore:easy_install command is deprecated setup.py develop --editable --build-directory /home/david/code/WATCHER/ros2_ws/build/robot_navigation/build --no-deps symlink_data
[0.813s] running develop
[0.964s] running egg_info
[0.964s] creating robot_navigation.egg-info
[0.979s] writing robot_navigation.egg-info/PKG-INFO
[0.979s] writing dependency_links to robot_navigation.egg-info/dependency_links.txt
[0.979s] writing entry points to robot_navigation.egg-info/entry_points.txt
[0.980s] writing requirements to robot_navigation.egg-info/requires.txt
[0.980s] writing top-level names to robot_navigation.egg-info/top_level.txt
[0.980s] writing manifest file 'robot_navigation.egg-info/SOURCES.txt'
[1.009s] reading manifest file 'robot_navigation.egg-info/SOURCES.txt'
[1.009s] writing manifest file 'robot_navigation.egg-info/SOURCES.txt'
[1.025s] running build_ext
[1.025s] Creating /home/david/code/WATCHER/ros2_ws/install/robot_navigation/lib/python3.12/site-packages/robot-navigation.egg-link (link to .)
[1.025s] Installing navigator script to /home/david/code/WATCHER/ros2_ws/install/robot_navigation/lib/robot_navigation
[1.026s] 
[1.026s] Installed /home/david/code/WATCHER/ros2_ws/build/robot_navigation
[1.026s] running symlink_data
[1.026s] creating /home/david/code/WATCHER/ros2_ws/install/robot_navigation/share/ament_index
[1.026s] creating /home/david/code/WATCHER/ros2_ws/install/robot_navigation/share/ament_index/resource_index
[1.026s] creating /home/david/code/WATCHER/ros2_ws/install/robot_navigation/share/ament_index/resource_index/packages
[1.026s] symbolically linking /home/david/code/WATCHER/ros2_ws/build/robot_navigation/resource/robot_navigation -> /home/david/code/WATCHER/ros2_ws/install/robot_navigation/share/ament_index/resource_index/packages
[1.027s] symbolically linking /home/david/code/WATCHER/ros2_ws/build/robot_navigation/package.xml -> /home/david/code/WATCHER/ros2_ws/install/robot_navigation/share/robot_navigation
[1.027s] creating /home/david/code/WATCHER/ros2_ws/install/robot_navigation/share/robot_navigation/launch
[1.027s] symbolically linking /home/david/code/WATCHER/ros2_ws/build/robot_navigation/launch/sim.launch.py -> /home/david/code/WATCHER/ros2_ws/install/robot_navigation/share/robot_navigation/launch
[1.027s] symbolically linking /home/david/code/WATCHER/ros2_ws/build/robot_navigation/launch/robot.launch.py -> /home/david/code/WATCHER/ros2_ws/install/robot_navigation/share/robot_navigation/launch
[1.047s] Invoked command in '/home/david/code/WATCHER/ros2_ws/build/robot_navigation' returned '0': PYTHONPATH=/home/david/code/WATCHER/ros2_ws/build/robot_navigation/prefix_override:/usr/lib/python3/dist-packages/colcon_core/task/python/colcon_distutils_commands:/home/david/code/WATCHER/ros2_ws/install/robot_navigation/lib/python3.12/site-packages:${PYTHONPATH} /usr/bin/python3 -W ignore:setup.py install is deprecated -W ignore:easy_install command is deprecated setup.py develop --editable --build-directory /home/david/code/WATCHER/ros2_ws/build/robot_navigation/build --no-deps symlink_data
