[0.165s] DEBUG:colcon:Command line arguments: ['/usr/bin/colcon', 'build', '--packages-select', 'wheelchair_navigation', '--symlink-install']
[0.165s] DEBUG:colcon:Parsed command line arguments: Namespace(log_base=None, log_level=None, verb_name='build', build_base='build', install_base='install', merge_install=False, symlink_install=True, test_result_base=None, continue_on_error=False, executor='parallel', parallel_workers=12, event_handlers=None, ignore_user_meta=False, metas=['./colcon.meta'], base_paths=['.'], packages_ignore=None, packages_ignore_regex=None, paths=None, packages_up_to=None, packages_up_to_regex=None, packages_above=None, packages_above_and_dependencies=None, packages_above_depth=None, packages_select_by_dep=None, packages_skip_by_dep=None, packages_skip_up_to=None, packages_select_build_failed=False, packages_skip_build_finished=False, packages_select_test_failures=False, packages_skip_test_passed=False, packages_select=['wheelchair_navigation'], packages_skip=None, packages_select_regex=None, packages_skip_regex=None, packages_start=None, packages_end=None, allow_overriding=[], cmake_args=None, cmake_target=None, cmake_target_skip_unavailable=False, cmake_clean_cache=False, cmake_clean_first=False, cmake_force_configure=False, ament_cmake_args=None, catkin_cmake_args=None, catkin_skip_building_tests=False, verb_parser=<colcon_defaults.argument_parser.defaults.DefaultArgumentsDecorator object at 0x7fc547eb3ef0>, verb_extension=<colcon_core.verb.build.BuildVerb object at 0x7fc5480a1910>, main=<bound method BuildVerb.main of <colcon_core.verb.build.BuildVerb object at 0x7fc5480a1910>>)
[0.196s] Level 1:colcon.colcon_core.package_discovery:discover_packages(colcon_meta) check parameters
[0.196s] Level 1:colcon.colcon_core.package_discovery:discover_packages(recursive) check parameters
[0.196s] Level 1:colcon.colcon_core.package_discovery:discover_packages(ignore) check parameters
[0.196s] Level 1:colcon.colcon_core.package_discovery:discover_packages(path) check parameters
[0.196s] Level 1:colcon.colcon_core.package_discovery:discover_packages(colcon_meta) discover
[0.197s] Level 1:colcon.colcon_core.package_discovery:discover_packages(recursive) discover
[0.197s] INFO:colcon.colcon_core.package_discovery:Crawling recursively for packages in '/home/david/code/WATCHER/ros2_ws'
[0.197s] Level 1:colcon.colcon_core.package_identification:_identify(.) by extensions ['ignore', 'ignore_ament_install']
[0.197s] Level 1:colcon.colcon_core.package_identification:_identify(.) by extension 'ignore'
[0.197s] Level 1:colcon.colcon_core.package_identification:_identify(.) by extension 'ignore_ament_install'
[0.197s] Level 1:colcon.colcon_core.package_identification:_identify(.) by extensions ['colcon_pkg']
[0.197s] Level 1:colcon.colcon_core.package_identification:_identify(.) by extension 'colcon_pkg'
[0.197s] Level 1:colcon.colcon_core.package_identification:_identify(.) by extensions ['colcon_meta']
[0.197s] Level 1:colcon.colcon_core.package_identification:_identify(.) by extension 'colcon_meta'
[0.197s] Level 1:colcon.colcon_core.package_identification:_identify(.) by extensions ['ros']
[0.197s] Level 1:colcon.colcon_core.package_identification:_identify(.) by extension 'ros'
[0.217s] Level 1:colcon.colcon_core.package_identification:_identify(.) by extensions ['cmake', 'python']
[0.217s] Level 1:colcon.colcon_core.package_identification:_identify(.) by extension 'cmake'
[0.217s] Level 1:colcon.colcon_core.package_identification:_identify(.) by extension 'python'
[0.217s] Level 1:colcon.colcon_core.package_identification:_identify(.) by extensions ['python_setup_py']
[0.217s] Level 1:colcon.colcon_core.package_identification:_identify(.) by extension 'python_setup_py'
[0.217s] Level 1:colcon.colcon_core.package_identification:_identify(build) by extensions ['ignore', 'ignore_ament_install']
[0.217s] Level 1:colcon.colcon_core.package_identification:_identify(build) by extension 'ignore'
[0.217s] Level 1:colcon.colcon_core.package_identification:_identify(build) ignored
[0.217s] Level 1:colcon.colcon_core.package_identification:_identify(install) by extensions ['ignore', 'ignore_ament_install']
[0.217s] Level 1:colcon.colcon_core.package_identification:_identify(install) by extension 'ignore'
[0.217s] Level 1:colcon.colcon_core.package_identification:_identify(install) ignored
[0.217s] Level 1:colcon.colcon_core.package_identification:_identify(log) by extensions ['ignore', 'ignore_ament_install']
[0.217s] Level 1:colcon.colcon_core.package_identification:_identify(log) by extension 'ignore'
[0.217s] Level 1:colcon.colcon_core.package_identification:_identify(log) ignored
[0.218s] Level 1:colcon.colcon_core.package_identification:_identify(src) by extensions ['ignore', 'ignore_ament_install']
[0.218s] Level 1:colcon.colcon_core.package_identification:_identify(src) by extension 'ignore'
[0.218s] Level 1:colcon.colcon_core.package_identification:_identify(src) by extension 'ignore_ament_install'
[0.218s] Level 1:colcon.colcon_core.package_identification:_identify(src) by extensions ['colcon_pkg']
[0.218s] Level 1:colcon.colcon_core.package_identification:_identify(src) by extension 'colcon_pkg'
[0.218s] Level 1:colcon.colcon_core.package_identification:_identify(src) by extensions ['colcon_meta']
[0.218s] Level 1:colcon.colcon_core.package_identification:_identify(src) by extension 'colcon_meta'
[0.218s] Level 1:colcon.colcon_core.package_identification:_identify(src) by extensions ['ros']
[0.218s] Level 1:colcon.colcon_core.package_identification:_identify(src) by extension 'ros'
[0.218s] Level 1:colcon.colcon_core.package_identification:_identify(src) by extensions ['cmake', 'python']
[0.218s] Level 1:colcon.colcon_core.package_identification:_identify(src) by extension 'cmake'
[0.218s] Level 1:colcon.colcon_core.package_identification:_identify(src) by extension 'python'
[0.218s] Level 1:colcon.colcon_core.package_identification:_identify(src) by extensions ['python_setup_py']
[0.218s] Level 1:colcon.colcon_core.package_identification:_identify(src) by extension 'python_setup_py'
[0.218s] Level 1:colcon.colcon_core.package_identification:_identify(src/robot_navigation) by extensions ['ignore', 'ignore_ament_install']
[0.218s] Level 1:colcon.colcon_core.package_identification:_identify(src/robot_navigation) by extension 'ignore'
[0.218s] Level 1:colcon.colcon_core.package_identification:_identify(src/robot_navigation) by extension 'ignore_ament_install'
[0.218s] Level 1:colcon.colcon_core.package_identification:_identify(src/robot_navigation) by extensions ['colcon_pkg']
[0.218s] Level 1:colcon.colcon_core.package_identification:_identify(src/robot_navigation) by extension 'colcon_pkg'
[0.218s] Level 1:colcon.colcon_core.package_identification:_identify(src/robot_navigation) by extensions ['colcon_meta']
[0.218s] Level 1:colcon.colcon_core.package_identification:_identify(src/robot_navigation) by extension 'colcon_meta'
[0.218s] Level 1:colcon.colcon_core.package_identification:_identify(src/robot_navigation) by extensions ['ros']
[0.218s] Level 1:colcon.colcon_core.package_identification:_identify(src/robot_navigation) by extension 'ros'
[0.221s] DEBUG:colcon.colcon_core.package_identification:Package 'src/robot_navigation' with type 'ros.ament_python' and name 'robot_navigation'
[0.221s] Level 1:colcon.colcon_core.package_identification:_identify(src/turtle_navigator) by extensions ['ignore', 'ignore_ament_install']
[0.221s] Level 1:colcon.colcon_core.package_identification:_identify(src/turtle_navigator) by extension 'ignore'
[0.221s] Level 1:colcon.colcon_core.package_identification:_identify(src/turtle_navigator) by extension 'ignore_ament_install'
[0.221s] Level 1:colcon.colcon_core.package_identification:_identify(src/turtle_navigator) by extensions ['colcon_pkg']
[0.221s] Level 1:colcon.colcon_core.package_identification:_identify(src/turtle_navigator) by extension 'colcon_pkg'
[0.221s] Level 1:colcon.colcon_core.package_identification:_identify(src/turtle_navigator) by extensions ['colcon_meta']
[0.221s] Level 1:colcon.colcon_core.package_identification:_identify(src/turtle_navigator) by extension 'colcon_meta'
[0.221s] Level 1:colcon.colcon_core.package_identification:_identify(src/turtle_navigator) by extensions ['ros']
[0.221s] Level 1:colcon.colcon_core.package_identification:_identify(src/turtle_navigator) by extension 'ros'
[0.221s] Level 1:colcon.colcon_core.package_identification:_identify(src/turtle_navigator) by extensions ['cmake', 'python']
[0.221s] Level 1:colcon.colcon_core.package_identification:_identify(src/turtle_navigator) by extension 'cmake'
[0.221s] Level 1:colcon.colcon_core.package_identification:_identify(src/turtle_navigator) by extension 'python'
[0.221s] Level 1:colcon.colcon_core.package_identification:_identify(src/turtle_navigator) by extensions ['python_setup_py']
[0.221s] Level 1:colcon.colcon_core.package_identification:_identify(src/turtle_navigator) by extension 'python_setup_py'
[0.221s] Level 1:colcon.colcon_core.package_identification:_identify(src/wheelchair_navigation) by extensions ['ignore', 'ignore_ament_install']
[0.222s] Level 1:colcon.colcon_core.package_identification:_identify(src/wheelchair_navigation) by extension 'ignore'
[0.222s] Level 1:colcon.colcon_core.package_identification:_identify(src/wheelchair_navigation) by extension 'ignore_ament_install'
[0.222s] Level 1:colcon.colcon_core.package_identification:_identify(src/wheelchair_navigation) by extensions ['colcon_pkg']
[0.222s] Level 1:colcon.colcon_core.package_identification:_identify(src/wheelchair_navigation) by extension 'colcon_pkg'
[0.222s] Level 1:colcon.colcon_core.package_identification:_identify(src/wheelchair_navigation) by extensions ['colcon_meta']
[0.222s] Level 1:colcon.colcon_core.package_identification:_identify(src/wheelchair_navigation) by extension 'colcon_meta'
[0.222s] Level 1:colcon.colcon_core.package_identification:_identify(src/wheelchair_navigation) by extensions ['ros']
[0.222s] Level 1:colcon.colcon_core.package_identification:_identify(src/wheelchair_navigation) by extension 'ros'
[0.222s] DEBUG:colcon.colcon_core.package_identification:Package 'src/wheelchair_navigation' with type 'ros.ament_python' and name 'wheelchair_navigation'
[0.222s] Level 1:colcon.colcon_core.package_discovery:discover_packages(recursive) using defaults
[0.222s] Level 1:colcon.colcon_core.package_discovery:discover_packages(ignore) discover
[0.222s] Level 1:colcon.colcon_core.package_discovery:discover_packages(ignore) using defaults
[0.222s] Level 1:colcon.colcon_core.package_discovery:discover_packages(path) discover
[0.222s] Level 1:colcon.colcon_core.package_discovery:discover_packages(path) using defaults
[0.237s] INFO:colcon.colcon_core.package_selection:Skipping not selected package 'robot_navigation' in 'src/robot_navigation'
[0.237s] Level 1:colcon.colcon_core.package_discovery:discover_packages(prefix_path) check parameters
[0.237s] Level 1:colcon.colcon_core.package_discovery:discover_packages(prefix_path) discover
[0.238s] DEBUG:colcon.colcon_installed_package_information.package_discovery:Found 1 installed packages in /home/david/code/WATCHER/ros2_ws/install
[0.240s] DEBUG:colcon.colcon_installed_package_information.package_discovery:Found 403 installed packages in /opt/ros/jazzy
[0.241s] Level 1:colcon.colcon_core.package_discovery:discover_packages(prefix_path) using defaults
[0.291s] Level 5:colcon.colcon_core.verb:set package 'wheelchair_navigation' build argument 'cmake_args' from command line to 'None'
[0.291s] Level 5:colcon.colcon_core.verb:set package 'wheelchair_navigation' build argument 'cmake_target' from command line to 'None'
[0.291s] Level 5:colcon.colcon_core.verb:set package 'wheelchair_navigation' build argument 'cmake_target_skip_unavailable' from command line to 'False'
[0.291s] Level 5:colcon.colcon_core.verb:set package 'wheelchair_navigation' build argument 'cmake_clean_cache' from command line to 'False'
[0.291s] Level 5:colcon.colcon_core.verb:set package 'wheelchair_navigation' build argument 'cmake_clean_first' from command line to 'False'
[0.291s] Level 5:colcon.colcon_core.verb:set package 'wheelchair_navigation' build argument 'cmake_force_configure' from command line to 'False'
[0.291s] Level 5:colcon.colcon_core.verb:set package 'wheelchair_navigation' build argument 'ament_cmake_args' from command line to 'None'
[0.291s] Level 5:colcon.colcon_core.verb:set package 'wheelchair_navigation' build argument 'catkin_cmake_args' from command line to 'None'
[0.291s] Level 5:colcon.colcon_core.verb:set package 'wheelchair_navigation' build argument 'catkin_skip_building_tests' from command line to 'False'
[0.291s] DEBUG:colcon.colcon_core.verb:Building package 'wheelchair_navigation' with the following arguments: {'ament_cmake_args': None, 'build_base': '/home/david/code/WATCHER/ros2_ws/build/wheelchair_navigation', 'catkin_cmake_args': None, 'catkin_skip_building_tests': False, 'cmake_args': None, 'cmake_clean_cache': False, 'cmake_clean_first': False, 'cmake_force_configure': False, 'cmake_target': None, 'cmake_target_skip_unavailable': False, 'install_base': '/home/david/code/WATCHER/ros2_ws/install/wheelchair_navigation', 'merge_install': False, 'path': '/home/david/code/WATCHER/ros2_ws/src/wheelchair_navigation', 'symlink_install': True, 'test_result_base': None}
[0.292s] INFO:colcon.colcon_core.executor:Executing jobs using 'parallel' executor
[0.292s] DEBUG:colcon.colcon_parallel_executor.executor.parallel:run_until_complete
[0.293s] INFO:colcon.colcon_ros.task.ament_python.build:Building ROS package in '/home/david/code/WATCHER/ros2_ws/src/wheelchair_navigation' with build type 'ament_python'
[0.293s] Level 1:colcon.colcon_core.shell:create_environment_hook('wheelchair_navigation', 'ament_prefix_path')
[0.295s] INFO:colcon.colcon_core.plugin_system:Skipping extension 'colcon_core.shell.bat': Not used on non-Windows systems
[0.295s] INFO:colcon.colcon_core.shell:Creating environment hook '/home/david/code/WATCHER/ros2_ws/install/wheelchair_navigation/share/wheelchair_navigation/hook/ament_prefix_path.ps1'
[0.296s] INFO:colcon.colcon_core.shell:Creating environment descriptor '/home/david/code/WATCHER/ros2_ws/install/wheelchair_navigation/share/wheelchair_navigation/hook/ament_prefix_path.dsv'
[0.296s] INFO:colcon.colcon_core.shell:Creating environment hook '/home/david/code/WATCHER/ros2_ws/install/wheelchair_navigation/share/wheelchair_navigation/hook/ament_prefix_path.sh'
[0.296s] INFO:colcon.colcon_core.shell:Skip shell extension 'powershell' for command environment: Not usable outside of PowerShell
[0.296s] DEBUG:colcon.colcon_core.shell:Skip shell extension 'dsv' for command environment
[0.485s] INFO:colcon.colcon_core.task.python.build:Building Python package in '/home/david/code/WATCHER/ros2_ws/src/wheelchair_navigation'
[0.486s] INFO:colcon.colcon_core.shell:Skip shell extension 'powershell' for command environment: Not usable outside of PowerShell
[0.486s] DEBUG:colcon.colcon_core.shell:Skip shell extension 'dsv' for command environment
[0.978s] DEBUG:colcon.colcon_core.event_handler.log_command:Invoking command in '/home/david/code/WATCHER/ros2_ws/build/wheelchair_navigation': PYTHONPATH=/home/david/code/WATCHER/ros2_ws/build/wheelchair_navigation/prefix_override:/usr/lib/python3/dist-packages/colcon_core/task/python/colcon_distutils_commands:/home/david/code/WATCHER/ros2_ws/install/wheelchair_navigation/lib/python3.12/site-packages:${PYTHONPATH} /usr/bin/python3 -W ignore:setup.py install is deprecated -W ignore:easy_install command is deprecated setup.py develop --editable --build-directory /home/david/code/WATCHER/ros2_ws/build/wheelchair_navigation/build --no-deps symlink_data
[1.534s] Level 1:colcon.colcon_core.shell:create_environment_hook('wheelchair_navigation', 'pythonpath_develop')
[1.534s] INFO:colcon.colcon_core.shell:Creating environment hook '/home/david/code/WATCHER/ros2_ws/build/wheelchair_navigation/share/wheelchair_navigation/hook/pythonpath_develop.ps1'
[1.535s] INFO:colcon.colcon_core.shell:Creating environment descriptor '/home/david/code/WATCHER/ros2_ws/build/wheelchair_navigation/share/wheelchair_navigation/hook/pythonpath_develop.dsv'
[1.536s] DEBUG:colcon.colcon_core.event_handler.log_command:Invoked command in '/home/david/code/WATCHER/ros2_ws/build/wheelchair_navigation' returned '0': PYTHONPATH=/home/david/code/WATCHER/ros2_ws/build/wheelchair_navigation/prefix_override:/usr/lib/python3/dist-packages/colcon_core/task/python/colcon_distutils_commands:/home/david/code/WATCHER/ros2_ws/install/wheelchair_navigation/lib/python3.12/site-packages:${PYTHONPATH} /usr/bin/python3 -W ignore:setup.py install is deprecated -W ignore:easy_install command is deprecated setup.py develop --editable --build-directory /home/david/code/WATCHER/ros2_ws/build/wheelchair_navigation/build --no-deps symlink_data
[1.536s] INFO:colcon.colcon_core.shell:Creating environment hook '/home/david/code/WATCHER/ros2_ws/build/wheelchair_navigation/share/wheelchair_navigation/hook/pythonpath_develop.sh'
[1.538s] Level 1:colcon.colcon_core.environment:checking '/home/david/code/WATCHER/ros2_ws/install/wheelchair_navigation' for CMake module files
[1.539s] Level 1:colcon.colcon_core.environment:checking '/home/david/code/WATCHER/ros2_ws/install/wheelchair_navigation' for CMake config files
[1.539s] Level 1:colcon.colcon_core.environment:checking '/home/david/code/WATCHER/ros2_ws/install/wheelchair_navigation/lib'
[1.540s] Level 1:colcon.colcon_core.environment:checking '/home/david/code/WATCHER/ros2_ws/install/wheelchair_navigation/bin'
[1.540s] Level 1:colcon.colcon_core.environment:checking '/home/david/code/WATCHER/ros2_ws/install/wheelchair_navigation/lib/pkgconfig/wheelchair_navigation.pc'
[1.540s] Level 1:colcon.colcon_core.environment:checking '/home/david/code/WATCHER/ros2_ws/install/wheelchair_navigation/lib/python3.12/site-packages'
[1.540s] Level 1:colcon.colcon_core.shell:create_environment_hook('wheelchair_navigation', 'pythonpath')
[1.540s] INFO:colcon.colcon_core.shell:Creating environment hook '/home/david/code/WATCHER/ros2_ws/install/wheelchair_navigation/share/wheelchair_navigation/hook/pythonpath.ps1'
[1.541s] INFO:colcon.colcon_core.shell:Creating environment descriptor '/home/david/code/WATCHER/ros2_ws/install/wheelchair_navigation/share/wheelchair_navigation/hook/pythonpath.dsv'
[1.541s] INFO:colcon.colcon_core.shell:Creating environment hook '/home/david/code/WATCHER/ros2_ws/install/wheelchair_navigation/share/wheelchair_navigation/hook/pythonpath.sh'
[1.541s] Level 1:colcon.colcon_core.environment:checking '/home/david/code/WATCHER/ros2_ws/install/wheelchair_navigation/bin'
[1.541s] Level 1:colcon.colcon_core.environment:create_environment_scripts_only(wheelchair_navigation)
[1.542s] INFO:colcon.colcon_core.shell:Creating package script '/home/david/code/WATCHER/ros2_ws/install/wheelchair_navigation/share/wheelchair_navigation/package.ps1'
[1.542s] INFO:colcon.colcon_core.shell:Creating package descriptor '/home/david/code/WATCHER/ros2_ws/install/wheelchair_navigation/share/wheelchair_navigation/package.dsv'
[1.543s] INFO:colcon.colcon_core.shell:Creating package script '/home/david/code/WATCHER/ros2_ws/install/wheelchair_navigation/share/wheelchair_navigation/package.sh'
[1.543s] INFO:colcon.colcon_core.shell:Creating package script '/home/david/code/WATCHER/ros2_ws/install/wheelchair_navigation/share/wheelchair_navigation/package.bash'
[1.544s] INFO:colcon.colcon_core.shell:Creating package script '/home/david/code/WATCHER/ros2_ws/install/wheelchair_navigation/share/wheelchair_navigation/package.zsh'
[1.545s] Level 1:colcon.colcon_core.environment:create_file_with_runtime_dependencies(/home/david/code/WATCHER/ros2_ws/install/wheelchair_navigation/share/colcon-core/packages/wheelchair_navigation)
[1.545s] DEBUG:colcon.colcon_parallel_executor.executor.parallel:closing loop
[1.546s] DEBUG:colcon.colcon_parallel_executor.executor.parallel:loop closed
[1.546s] DEBUG:colcon.colcon_parallel_executor.executor.parallel:run_until_complete finished with '0'
[1.546s] DEBUG:colcon.colcon_core.event_reactor:joining thread
[1.588s] INFO:colcon.colcon_core.plugin_system:Skipping extension 'colcon_notification.desktop_notification.notify_send': Could not find 'notify-send'
[1.588s] INFO:colcon.colcon_core.plugin_system:Skipping extension 'colcon_notification.desktop_notification.terminal_notifier': Not used on non-Darwin systems
[1.589s] INFO:colcon.colcon_core.plugin_system:Skipping extension 'colcon_notification.desktop_notification.win32': Not used on non-Windows systems
[1.589s] INFO:colcon.colcon_notification.desktop_notification:Sending desktop notification using 'notify2'
[1.590s] DEBUG:colcon.colcon_notification.desktop_notification.notify2:Failed to initialize notify2: org.freedesktop.DBus.Error.ServiceUnknown: The name org.freedesktop.Notifications was not provided by any .service files
[1.590s] DEBUG:colcon.colcon_core.event_reactor:joined thread
[1.590s] INFO:colcon.colcon_core.shell:Creating prefix script '/home/david/code/WATCHER/ros2_ws/install/local_setup.ps1'
[1.591s] INFO:colcon.colcon_core.shell:Creating prefix util module '/home/david/code/WATCHER/ros2_ws/install/_local_setup_util_ps1.py'
[1.591s] INFO:colcon.colcon_core.shell:Creating prefix chain script '/home/david/code/WATCHER/ros2_ws/install/setup.ps1'
[1.592s] INFO:colcon.colcon_core.shell:Creating prefix script '/home/david/code/WATCHER/ros2_ws/install/local_setup.sh'
[1.593s] INFO:colcon.colcon_core.shell:Creating prefix util module '/home/david/code/WATCHER/ros2_ws/install/_local_setup_util_sh.py'
[1.593s] INFO:colcon.colcon_core.shell:Creating prefix chain script '/home/david/code/WATCHER/ros2_ws/install/setup.sh'
[1.594s] INFO:colcon.colcon_core.shell:Creating prefix script '/home/david/code/WATCHER/ros2_ws/install/local_setup.bash'
[1.594s] INFO:colcon.colcon_core.shell:Creating prefix chain script '/home/david/code/WATCHER/ros2_ws/install/setup.bash'
[1.595s] INFO:colcon.colcon_core.shell:Creating prefix script '/home/david/code/WATCHER/ros2_ws/install/local_setup.zsh'
[1.595s] INFO:colcon.colcon_core.shell:Creating prefix chain script '/home/david/code/WATCHER/ros2_ws/install/setup.zsh'
