running develop
Removing /home/david/code/WATCHER-ROS2/install/wheelchair_navigation/lib/python3.12/site-packages/wheelchair-navigation.egg-link (link to .)
running egg_info
writing ../../build/wheelchair_navigation/wheelchair_navigation.egg-info/PKG-INFO
writing dependency_links to ../../build/wheelchair_navigation/wheelchair_navigation.egg-info/dependency_links.txt
writing requirements to ../../build/wheelchair_navigation/wheelchair_navigation.egg-info/requires.txt
writing top-level names to ../../build/wheelchair_navigation/wheelchair_navigation.egg-info/top_level.txt
reading manifest file '../../build/wheelchair_navigation/wheelchair_navigation.egg-info/SOURCES.txt'
writing manifest file '../../build/wheelchair_navigation/wheelchair_navigation.egg-info/SOURCES.txt'
running build
running build_py
creating /home/david/code/WATCHER-ROS2/build/wheelchair_navigation/build
creating /home/david/code/WATCHER-ROS2/build/wheelchair_navigation/build/lib
creating /home/david/code/WATCHER-ROS2/build/wheelchair_navigation/build/lib/wheelchair_navigation
copying wheelchair_navigation/__init__.py -> /home/david/code/WATCHER-ROS2/build/wheelchair_navigation/build/lib/wheelchair_navigation
running install
running install_lib
creating /home/david/code/WATCHER-ROS2/install/wheelchair_navigation/lib/python3.12/site-packages/wheelchair_navigation
copying /home/david/code/WATCHER-ROS2/build/wheelchair_navigation/build/lib/wheelchair_navigation/__init__.py -> /home/david/code/WATCHER-ROS2/install/wheelchair_navigation/lib/python3.12/site-packages/wheelchair_navigation
byte-compiling /home/david/code/WATCHER-ROS2/install/wheelchair_navigation/lib/python3.12/site-packages/wheelchair_navigation/__init__.py to __init__.cpython-312.pyc
running install_data
copying resource/wheelchair_navigation -> /home/david/code/WATCHER-ROS2/install/wheelchair_navigation/share/ament_index/resource_index/packages
copying package.xml -> /home/david/code/WATCHER-ROS2/install/wheelchair_navigation/share/wheelchair_navigation
copying launch/wheelchair_sim.launch.py -> /home/david/code/WATCHER-ROS2/install/wheelchair_navigation/share/wheelchair_navigation/launch
copying urdf/wheelchair.urdf -> /home/david/code/WATCHER-ROS2/install/wheelchair_navigation/share/wheelchair_navigation/urdf
copying urdf/wheelchair.sdf -> /home/david/code/WATCHER-ROS2/install/wheelchair_navigation/share/wheelchair_navigation/urdf
copying worlds/obstacles.sdf -> /home/david/code/WATCHER-ROS2/install/wheelchair_navigation/share/wheelchair_navigation/worlds
running install_egg_info
Copying ../../build/wheelchair_navigation/wheelchair_navigation.egg-info to /home/david/code/WATCHER-ROS2/install/wheelchair_navigation/lib/python3.12/site-packages/wheelchair_navigation-0.0.1-py3.12.egg-info
running install_scripts
writing list of installed files to '/home/david/code/WATCHER-ROS2/build/wheelchair_navigation/install.log'
