[1.099s] Invoking command in '/home/david/code/WATCHER-ROS2/build/wheelchair_navigation': PYTHONPATH=/home/david/code/WATCHER-ROS2/build/wheelchair_navigation/prefix_override:/usr/lib/python3/dist-packages/colcon_core/task/python/colcon_distutils_commands:/home/david/code/WATCHER-ROS2/install/wheelchair_navigation/lib/python3.12/site-packages:${PYTHONPATH} /usr/bin/python3 -W ignore:setup.py install is deprecated -W ignore:easy_install command is deprecated setup.py develop --uninstall --editable --build-directory /home/david/code/WATCHER-ROS2/build/wheelchair_navigation/build
[1.394s] running develop
[1.618s] Removing /home/david/code/WATCHER-ROS2/install/wheelchair_navigation/lib/python3.12/site-packages/wheelchair-navigation.egg-link (link to .)
[1.740s] Invoked command in '/home/david/code/WATCHER-ROS2/build/wheelchair_navigation' returned '0': PYTHONPATH=/home/david/code/WATCHER-ROS2/build/wheelchair_navigation/prefix_override:/usr/lib/python3/dist-packages/colcon_core/task/python/colcon_distutils_commands:/home/david/code/WATCHER-ROS2/install/wheelchair_navigation/lib/python3.12/site-packages:${PYTHONPATH} /usr/bin/python3 -W ignore:setup.py install is deprecated -W ignore:easy_install command is deprecated setup.py develop --uninstall --editable --build-directory /home/david/code/WATCHER-ROS2/build/wheelchair_navigation/build
[1.740s] Invoking command in '/home/david/code/WATCHER-ROS2/src/wheelchair_navigation': PYTHONPATH=/home/david/code/WATCHER-ROS2/build/wheelchair_navigation/prefix_override:/usr/lib/python3/dist-packages/colcon_core/task/python/colcon_distutils_commands:/home/david/code/WATCHER-ROS2/install/wheelchair_navigation/lib/python3.12/site-packages:${PYTHONPATH} /usr/bin/python3 -W ignore:setup.py install is deprecated -W ignore:easy_install command is deprecated setup.py egg_info --egg-base ../../build/wheelchair_navigation build --build-base /home/david/code/WATCHER-ROS2/build/wheelchair_navigation/build install --record /home/david/code/WATCHER-ROS2/build/wheelchair_navigation/install.log --single-version-externally-managed install_data --force
[2.204s] running egg_info
[2.226s] writing ../../build/wheelchair_navigation/wheelchair_navigation.egg-info/PKG-INFO
[2.226s] writing dependency_links to ../../build/wheelchair_navigation/wheelchair_navigation.egg-info/dependency_links.txt
[2.226s] writing requirements to ../../build/wheelchair_navigation/wheelchair_navigation.egg-info/requires.txt
[2.227s] writing top-level names to ../../build/wheelchair_navigation/wheelchair_navigation.egg-info/top_level.txt
[2.269s] reading manifest file '../../build/wheelchair_navigation/wheelchair_navigation.egg-info/SOURCES.txt'
[2.270s] writing manifest file '../../build/wheelchair_navigation/wheelchair_navigation.egg-info/SOURCES.txt'
[2.270s] running build
[2.270s] running build_py
[2.270s] creating /home/david/code/WATCHER-ROS2/build/wheelchair_navigation/build
[2.270s] creating /home/david/code/WATCHER-ROS2/build/wheelchair_navigation/build/lib
[2.270s] creating /home/david/code/WATCHER-ROS2/build/wheelchair_navigation/build/lib/wheelchair_navigation
[2.270s] copying wheelchair_navigation/__init__.py -> /home/david/code/WATCHER-ROS2/build/wheelchair_navigation/build/lib/wheelchair_navigation
[2.270s] running install
[2.276s] running install_lib
[2.299s] creating /home/david/code/WATCHER-ROS2/install/wheelchair_navigation/lib/python3.12/site-packages/wheelchair_navigation
[2.299s] copying /home/david/code/WATCHER-ROS2/build/wheelchair_navigation/build/lib/wheelchair_navigation/__init__.py -> /home/david/code/WATCHER-ROS2/install/wheelchair_navigation/lib/python3.12/site-packages/wheelchair_navigation
[2.299s] byte-compiling /home/david/code/WATCHER-ROS2/install/wheelchair_navigation/lib/python3.12/site-packages/wheelchair_navigation/__init__.py to __init__.cpython-312.pyc
[2.300s] running install_data
[2.300s] copying resource/wheelchair_navigation -> /home/david/code/WATCHER-ROS2/install/wheelchair_navigation/share/ament_index/resource_index/packages
[2.300s] copying package.xml -> /home/david/code/WATCHER-ROS2/install/wheelchair_navigation/share/wheelchair_navigation
[2.300s] copying launch/wheelchair_sim.launch.py -> /home/david/code/WATCHER-ROS2/install/wheelchair_navigation/share/wheelchair_navigation/launch
[2.300s] copying urdf/wheelchair.urdf -> /home/david/code/WATCHER-ROS2/install/wheelchair_navigation/share/wheelchair_navigation/urdf
[2.300s] copying urdf/wheelchair.sdf -> /home/david/code/WATCHER-ROS2/install/wheelchair_navigation/share/wheelchair_navigation/urdf
[2.300s] copying worlds/obstacles.sdf -> /home/david/code/WATCHER-ROS2/install/wheelchair_navigation/share/wheelchair_navigation/worlds
[2.300s] running install_egg_info
[2.326s] Copying ../../build/wheelchair_navigation/wheelchair_navigation.egg-info to /home/david/code/WATCHER-ROS2/install/wheelchair_navigation/lib/python3.12/site-packages/wheelchair_navigation-0.0.1-py3.12.egg-info
[2.326s] running install_scripts
[2.470s] writing list of installed files to '/home/david/code/WATCHER-ROS2/build/wheelchair_navigation/install.log'
[2.498s] Invoked command in '/home/david/code/WATCHER-ROS2/src/wheelchair_navigation' returned '0': PYTHONPATH=/home/david/code/WATCHER-ROS2/build/wheelchair_navigation/prefix_override:/usr/lib/python3/dist-packages/colcon_core/task/python/colcon_distutils_commands:/home/david/code/WATCHER-ROS2/install/wheelchair_navigation/lib/python3.12/site-packages:${PYTHONPATH} /usr/bin/python3 -W ignore:setup.py install is deprecated -W ignore:easy_install command is deprecated setup.py egg_info --egg-base ../../build/wheelchair_navigation build --build-base /home/david/code/WATCHER-ROS2/build/wheelchair_navigation/build install --record /home/david/code/WATCHER-ROS2/build/wheelchair_navigation/install.log --single-version-externally-managed install_data --force
