[0.561s] Invoking command in '/home/david/code/WATCHER-ROS2/build/wheelchair_navigation': PYTHONPATH=/home/david/code/WATCHER-ROS2/build/wheelchair_navigation/prefix_override:/usr/lib/python3/dist-packages/colcon_core/task/python/colcon_distutils_commands:/home/david/code/WATCHER-ROS2/install/wheelchair_navigation/lib/python3.12/site-packages: /usr/bin/python3 -W ignore:setup.py install is deprecated -W ignore:easy_install command is deprecated setup.py develop --editable --build-directory /home/david/code/WATCHER-ROS2/build/wheelchair_navigation/build --no-deps symlink_data
[0.795s] running develop
[0.913s] running egg_info
[0.913s] creating wheelchair_navigation.egg-info
[0.925s] writing wheelchair_navigation.egg-info/PKG-INFO
[0.925s] writing dependency_links to wheelchair_navigation.egg-info/dependency_links.txt
[0.925s] writing requirements to wheelchair_navigation.egg-info/requires.txt
[0.925s] writing top-level names to wheelchair_navigation.egg-info/top_level.txt
[0.925s] writing manifest file 'wheelchair_navigation.egg-info/SOURCES.txt'
[0.948s] reading manifest file 'wheelchair_navigation.egg-info/SOURCES.txt'
[0.948s] writing manifest file 'wheelchair_navigation.egg-info/SOURCES.txt'
[0.960s] running build_ext
[0.960s] Creating /home/david/code/WATCHER-ROS2/install/wheelchair_navigation/lib/python3.12/site-packages/wheelchair-navigation.egg-link (link to .)
[0.960s] 
[0.961s] Installed /home/david/code/WATCHER-ROS2/build/wheelchair_navigation
[0.961s] running symlink_data
[0.961s] creating /home/david/code/WATCHER-ROS2/install/wheelchair_navigation/share/ament_index
[0.961s] creating /home/david/code/WATCHER-ROS2/install/wheelchair_navigation/share/ament_index/resource_index
[0.961s] creating /home/david/code/WATCHER-ROS2/install/wheelchair_navigation/share/ament_index/resource_index/packages
[0.961s] symbolically linking /home/david/code/WATCHER-ROS2/build/wheelchair_navigation/resource/wheelchair_navigation -> /home/david/code/WATCHER-ROS2/install/wheelchair_navigation/share/ament_index/resource_index/packages
[0.961s] symbolically linking /home/david/code/WATCHER-ROS2/build/wheelchair_navigation/package.xml -> /home/david/code/WATCHER-ROS2/install/wheelchair_navigation/share/wheelchair_navigation
[0.961s] creating /home/david/code/WATCHER-ROS2/install/wheelchair_navigation/share/wheelchair_navigation/launch
[0.961s] symbolically linking /home/david/code/WATCHER-ROS2/build/wheelchair_navigation/launch/wheelchair_sim.launch.py -> /home/david/code/WATCHER-ROS2/install/wheelchair_navigation/share/wheelchair_navigation/launch
[0.961s] creating /home/david/code/WATCHER-ROS2/install/wheelchair_navigation/share/wheelchair_navigation/urdf
[0.962s] symbolically linking /home/david/code/WATCHER-ROS2/build/wheelchair_navigation/urdf/wheelchair.urdf -> /home/david/code/WATCHER-ROS2/install/wheelchair_navigation/share/wheelchair_navigation/urdf
[0.962s] creating /home/david/code/WATCHER-ROS2/install/wheelchair_navigation/share/wheelchair_navigation/worlds
[0.962s] symbolically linking /home/david/code/WATCHER-ROS2/build/wheelchair_navigation/worlds/obstacles.sdf -> /home/david/code/WATCHER-ROS2/install/wheelchair_navigation/share/wheelchair_navigation/worlds
[0.962s] creating /home/david/code/WATCHER-ROS2/install/wheelchair_navigation/share/wheelchair_navigation/rviz
[0.986s] Invoked command in '/home/david/code/WATCHER-ROS2/build/wheelchair_navigation' returned '0': PYTHONPATH=/home/david/code/WATCHER-ROS2/build/wheelchair_navigation/prefix_override:/usr/lib/python3/dist-packages/colcon_core/task/python/colcon_distutils_commands:/home/david/code/WATCHER-ROS2/install/wheelchair_navigation/lib/python3.12/site-packages: /usr/bin/python3 -W ignore:setup.py install is deprecated -W ignore:easy_install command is deprecated setup.py develop --editable --build-directory /home/david/code/WATCHER-ROS2/build/wheelchair_navigation/build --no-deps symlink_data
