running develop
running egg_info
creating wheelchair_navigation.egg-info
writing wheelchair_navigation.egg-info/PKG-INFO
writing dependency_links to wheelchair_navigation.egg-info/dependency_links.txt
writing requirements to wheelchair_navigation.egg-info/requires.txt
writing top-level names to wheelchair_navigation.egg-info/top_level.txt
writing manifest file 'wheelchair_navigation.egg-info/SOURCES.txt'
reading manifest file 'wheelchair_navigation.egg-info/SOURCES.txt'
writing manifest file 'wheelchair_navigation.egg-info/SOURCES.txt'
running build_ext
Creating /home/david/code/WATCHER/ros2_ws/install/wheelchair_navigation/lib/python3.12/site-packages/wheelchair-navigation.egg-link (link to .)

Installed /home/david/code/WATCHER/ros2_ws/build/wheelchair_navigation
running symlink_data
creating /home/david/code/WATCHER/ros2_ws/install/wheelchair_navigation/share/ament_index
creating /home/david/code/WATCHER/ros2_ws/install/wheelchair_navigation/share/ament_index/resource_index
creating /home/david/code/WATCHER/ros2_ws/install/wheelchair_navigation/share/ament_index/resource_index/packages
symbolically linking /home/david/code/WATCHER/ros2_ws/build/wheelchair_navigation/resource/wheelchair_navigation -> /home/david/code/WATCHER/ros2_ws/install/wheelchair_navigation/share/ament_index/resource_index/packages
symbolically linking /home/david/code/WATCHER/ros2_ws/build/wheelchair_navigation/package.xml -> /home/david/code/WATCHER/ros2_ws/install/wheelchair_navigation/share/wheelchair_navigation
creating /home/david/code/WATCHER/ros2_ws/install/wheelchair_navigation/share/wheelchair_navigation/launch
symbolically linking /home/david/code/WATCHER/ros2_ws/build/wheelchair_navigation/launch/wheelchair_sim.launch.py -> /home/david/code/WATCHER/ros2_ws/install/wheelchair_navigation/share/wheelchair_navigation/launch
creating /home/david/code/WATCHER/ros2_ws/install/wheelchair_navigation/share/wheelchair_navigation/urdf
symbolically linking /home/david/code/WATCHER/ros2_ws/build/wheelchair_navigation/urdf/wheelchair.urdf -> /home/david/code/WATCHER/ros2_ws/install/wheelchair_navigation/share/wheelchair_navigation/urdf
creating /home/david/code/WATCHER/ros2_ws/install/wheelchair_navigation/share/wheelchair_navigation/worlds
creating /home/david/code/WATCHER/ros2_ws/install/wheelchair_navigation/share/wheelchair_navigation/rviz
