[0.863s] Invoking command in '/home/david/code/WATCHER/ros2_ws/build/wheelchair_navigation': PYTHONPATH=/home/david/code/WATCHER/ros2_ws/build/wheelchair_navigation/prefix_override:/usr/lib/python3/dist-packages/colcon_core/task/python/colcon_distutils_commands:/home/david/code/WATCHER/ros2_ws/install/wheelchair_navigation/lib/python3.12/site-packages:${PYTHONPATH} /usr/bin/python3 -W ignore:setup.py install is deprecated -W ignore:easy_install command is deprecated setup.py develop --editable --build-directory /home/david/code/WATCHER/ros2_ws/build/wheelchair_navigation/build --no-deps symlink_data
[1.146s] running develop
[1.326s] running egg_info
[1.326s] creating wheelchair_navigation.egg-info
[1.349s] writing wheelchair_navigation.egg-info/PKG-INFO
[1.349s] writing dependency_links to wheelchair_navigation.egg-info/dependency_links.txt
[1.349s] writing requirements to wheelchair_navigation.egg-info/requires.txt
[1.349s] writing top-level names to wheelchair_navigation.egg-info/top_level.txt
[1.350s] writing manifest file 'wheelchair_navigation.egg-info/SOURCES.txt'
[1.383s] reading manifest file 'wheelchair_navigation.egg-info/SOURCES.txt'
[1.384s] writing manifest file 'wheelchair_navigation.egg-info/SOURCES.txt'
[1.406s] running build_ext
[1.406s] Creating /home/david/code/WATCHER/ros2_ws/install/wheelchair_navigation/lib/python3.12/site-packages/wheelchair-navigation.egg-link (link to .)
[1.407s] 
[1.407s] Installed /home/david/code/WATCHER/ros2_ws/build/wheelchair_navigation
[1.407s] running symlink_data
[1.407s] creating /home/david/code/WATCHER/ros2_ws/install/wheelchair_navigation/share/ament_index
[1.407s] creating /home/david/code/WATCHER/ros2_ws/install/wheelchair_navigation/share/ament_index/resource_index
[1.407s] creating /home/david/code/WATCHER/ros2_ws/install/wheelchair_navigation/share/ament_index/resource_index/packages
[1.408s] symbolically linking /home/david/code/WATCHER/ros2_ws/build/wheelchair_navigation/resource/wheelchair_navigation -> /home/david/code/WATCHER/ros2_ws/install/wheelchair_navigation/share/ament_index/resource_index/packages
[1.408s] symbolically linking /home/david/code/WATCHER/ros2_ws/build/wheelchair_navigation/package.xml -> /home/david/code/WATCHER/ros2_ws/install/wheelchair_navigation/share/wheelchair_navigation
[1.409s] creating /home/david/code/WATCHER/ros2_ws/install/wheelchair_navigation/share/wheelchair_navigation/launch
[1.409s] symbolically linking /home/david/code/WATCHER/ros2_ws/build/wheelchair_navigation/launch/wheelchair_sim.launch.py -> /home/david/code/WATCHER/ros2_ws/install/wheelchair_navigation/share/wheelchair_navigation/launch
[1.409s] creating /home/david/code/WATCHER/ros2_ws/install/wheelchair_navigation/share/wheelchair_navigation/urdf
[1.410s] symbolically linking /home/david/code/WATCHER/ros2_ws/build/wheelchair_navigation/urdf/wheelchair.urdf -> /home/david/code/WATCHER/ros2_ws/install/wheelchair_navigation/share/wheelchair_navigation/urdf
[1.410s] creating /home/david/code/WATCHER/ros2_ws/install/wheelchair_navigation/share/wheelchair_navigation/worlds
[1.411s] creating /home/david/code/WATCHER/ros2_ws/install/wheelchair_navigation/share/wheelchair_navigation/rviz
[1.442s] Invoked command in '/home/david/code/WATCHER/ros2_ws/build/wheelchair_navigation' returned '0': PYTHONPATH=/home/david/code/WATCHER/ros2_ws/build/wheelchair_navigation/prefix_override:/usr/lib/python3/dist-packages/colcon_core/task/python/colcon_distutils_commands:/home/david/code/WATCHER/ros2_ws/install/wheelchair_navigation/lib/python3.12/site-packages:${PYTHONPATH} /usr/bin/python3 -W ignore:setup.py install is deprecated -W ignore:easy_install command is deprecated setup.py develop --editable --build-directory /home/david/code/WATCHER/ros2_ws/build/wheelchair_navigation/build --no-deps symlink_data
